<?xml version="1.0" encoding="UTF-8"?>
<!-- Generated by org.testng.reporters.JUnitXMLReporter -->
<testsuite ignored="0" hostname="Deepak" failures="2" tests="2" name="WorkplaceSerch" time="40.051" errors="0" timestamp="2024-09-15T09:19:33 IST">
  <testcase classname="Tests.WorkplaceSearch" name="search" time="14.874">
    <failure type="java.lang.AssertionError" message="did not expect [test] but found [test]">
      <![CDATA[java.lang.AssertionError: did not expect [test] but found [test]
at Tests.WorkplaceSearch.search(WorkplaceSearch.java:28)
at java.base/java.util.ArrayList.forEach(ArrayList.java:1596)
at java.base/java.util.concurrent.FutureTask.run(FutureTask.java:317)
at java.base/java.util.concurrent.ThreadPoolExecutor.runWorker(ThreadPoolExecutor.java:1144)
at java.base/java.util.concurrent.ThreadPoolExecutor$Worker.run(ThreadPoolExecutor.java:642)
at java.base/java.lang.Thread.run(Thread.java:1583)
... Removed 20 stack frames]]>
    </failure>
  </testcase> <!-- search -->
  <testcase classname="Tests.WorkplaceSearch" name="search" time="15.141">
    <failure type="java.lang.AssertionError" message="did not expect [deepak] but found [deepak]">
      <![CDATA[java.lang.AssertionError: did not expect [deepak] but found [deepak]
at Tests.WorkplaceSearch.search(WorkplaceSearch.java:28)
at java.base/java.util.ArrayList.forEach(ArrayList.java:1596)
at java.base/java.util.concurrent.FutureTask.run(FutureTask.java:317)
at java.base/java.util.concurrent.ThreadPoolExecutor.runWorker(ThreadPoolExecutor.java:1144)
at java.base/java.util.concurrent.ThreadPoolExecutor$Worker.run(ThreadPoolExecutor.java:642)
at java.base/java.lang.Thread.run(Thread.java:1583)
... Removed 20 stack frames]]>
    </failure>
  </testcase> <!-- search -->
</testsuite> <!-- WorkplaceSerch -->
