<?xml version="1.0" encoding="UTF-8"?>
<testng-results ignored="0" total="2" passed="2" failed="0" skipped="0">
  <reporter-output>
  </reporter-output>
  <suite started-at="2024-09-15T11:58:32 IST" name="Default suite" finished-at="2024-09-15T11:59:44 IST" duration-ms="72568">
    <groups>
    </groups>
    <test started-at="2024-09-15T11:58:32 IST" name="Default test" finished-at="2024-09-15T11:59:44 IST" duration-ms="72568">
      <class name="Tests.WorkplaceSearch">
        <test-method is-config="true" signature="launchApp()[pri:0, instance:Tests.WorkplaceSearch@765d7657]" started-at="2024-09-15T11:58:32 IST" name="launchApp" finished-at="2024-09-15T11:58:35 IST" duration-ms="3213" status="PASS">
          <reporter-output>
          </reporter-output>
        </test-method> <!-- launchApp -->
        <test-method signature="search(java.util.HashMap)[pri:0, instance:Tests.WorkplaceSearch@765d7657]" started-at="2024-09-15T11:58:35 IST" name="search" data-provider="getData" finished-at="2024-09-15T11:59:07 IST" duration-ms="31955" status="PASS">
          <params>
            <param index="0">
              <value>
                <![CDATA[{pass=lsspl#123, search=test, email=bhaktadeepak+d1@prod.wptst.com}]]>
              </value>
            </param>
          </params>
          <reporter-output>
          </reporter-output>
        </test-method> <!-- search -->
        <test-method is-config="true" signature="tearDown()[pri:0, instance:Tests.WorkplaceSearch@765d7657]" started-at="2024-09-15T11:59:07 IST" name="tearDown" finished-at="2024-09-15T11:59:07 IST" duration-ms="264" status="PASS">
          <reporter-output>
          </reporter-output>
        </test-method> <!-- tearDown -->
        <test-method is-config="true" signature="launchApp()[pri:0, instance:Tests.WorkplaceSearch@765d7657]" started-at="2024-09-15T11:59:07 IST" name="launchApp" finished-at="2024-09-15T11:59:09 IST" duration-ms="2138" status="PASS">
          <reporter-output>
          </reporter-output>
        </test-method> <!-- launchApp -->
        <test-method signature="search(java.util.HashMap)[pri:0, instance:Tests.WorkplaceSearch@765d7657]" started-at="2024-09-15T11:59:09 IST" name="search" data-provider="getData" finished-at="2024-09-15T11:59:44 IST" duration-ms="34573" status="PASS">
          <params>
            <param index="0">
              <value>
                <![CDATA[{pass=lsspl#123, search=deepak, email=bhaktadeepak+nahida@prod.wptst.com}]]>
              </value>
            </param>
          </params>
          <reporter-output>
          </reporter-output>
        </test-method> <!-- search -->
        <test-method is-config="true" signature="tearDown()[pri:0, instance:Tests.WorkplaceSearch@765d7657]" started-at="2024-09-15T11:59:44 IST" name="tearDown" finished-at="2024-09-15T11:59:44 IST" duration-ms="213" status="PASS">
          <reporter-output>
          </reporter-output>
        </test-method> <!-- tearDown -->
      </class> <!-- Tests.WorkplaceSearch -->
    </test> <!-- Default test -->
  </suite> <!-- Default suite -->
</testng-results>
