<?xml version="1.0" encoding="UTF-8"?>
<testng-results ignored="0" total="2" passed="2" failed="0" skipped="0">
  <reporter-output>
  </reporter-output>
  <suite started-at="2024-09-17T19:47:04 IST" name="Default suite" finished-at="2024-09-17T19:49:50 IST" duration-ms="166617">
    <groups>
    </groups>
    <test started-at="2024-09-17T19:47:04 IST" name="Default test" finished-at="2024-09-17T19:49:50 IST" duration-ms="166617">
      <class name="Tests.WorkplaceSearch">
        <test-method is-config="true" signature="launchApp()[pri:0, instance:Tests.WorkplaceSearch@765d7657]" started-at="2024-09-17T19:47:04 IST" name="launchApp" finished-at="2024-09-17T19:47:06 IST" duration-ms="2529" status="PASS">
          <reporter-output>
          </reporter-output>
        </test-method> <!-- launchApp -->
        <test-method signature="search(java.util.HashMap)[pri:0, instance:Tests.WorkplaceSearch@765d7657]" started-at="2024-09-17T19:47:06 IST" name="search" data-provider="getData" finished-at="2024-09-17T19:48:26 IST" duration-ms="79290" status="PASS">
          <params>
            <param index="0">
              <value>
                <![CDATA[{pass=lsspl@123, search=test, email=bhaktadeepak+d1@prod.wptst.com}]]>
              </value>
            </param>
          </params>
          <reporter-output>
          </reporter-output>
        </test-method> <!-- search -->
        <test-method is-config="true" signature="tearDown()[pri:0, instance:Tests.WorkplaceSearch@765d7657]" started-at="2024-09-17T19:48:26 IST" name="tearDown" finished-at="2024-09-17T19:48:26 IST" duration-ms="280" status="PASS">
          <reporter-output>
          </reporter-output>
        </test-method> <!-- tearDown -->
        <test-method is-config="true" signature="launchApp()[pri:0, instance:Tests.WorkplaceSearch@765d7657]" started-at="2024-09-17T19:48:26 IST" name="launchApp" finished-at="2024-09-17T19:48:28 IST" duration-ms="2260" status="PASS">
          <reporter-output>
          </reporter-output>
        </test-method> <!-- launchApp -->
        <test-method signature="search(java.util.HashMap)[pri:0, instance:Tests.WorkplaceSearch@765d7657]" started-at="2024-09-17T19:48:28 IST" name="search" data-provider="getData" finished-at="2024-09-17T19:49:50 IST" duration-ms="81783" status="PASS">
          <params>
            <param index="0">
              <value>
                <![CDATA[{pass=lsspl#123, search=deepak, email=bhaktadeepak+venkat@prod.wptst.com}]]>
              </value>
            </param>
          </params>
          <reporter-output>
          </reporter-output>
        </test-method> <!-- search -->
        <test-method is-config="true" signature="tearDown()[pri:0, instance:Tests.WorkplaceSearch@765d7657]" started-at="2024-09-17T19:49:50 IST" name="tearDown" finished-at="2024-09-17T19:49:50 IST" duration-ms="210" status="PASS">
          <reporter-output>
          </reporter-output>
        </test-method> <!-- tearDown -->
      </class> <!-- Tests.WorkplaceSearch -->
    </test> <!-- Default test -->
  </suite> <!-- Default suite -->
</testng-results>
